0 info it worked if it ends with ok
1 verbose cli [ '/Users/niall/.nave/installed/5.6.0/bin/node',
1 verbose cli   '/Users/niall/.nave/installed/5.6.0/bin/npm',
1 verbose cli   'run',
1 verbose cli   'dev' ]
2 info using npm@3.6.0
3 info using node@v5.6.0
4 verbose run-script [ 'predev', 'dev', 'postdev' ]
5 info lifecycle hackathon-starter@3.4.1~predev: hackathon-starter@3.4.1
6 silly lifecycle hackathon-starter@3.4.1~predev: no script for predev, continuing
7 info lifecycle hackathon-starter@3.4.1~dev: hackathon-starter@3.4.1
8 verbose lifecycle hackathon-starter@3.4.1~dev: unsafe-perm in lifecycle true
9 verbose lifecycle hackathon-starter@3.4.1~dev: PATH: /Users/niall/.nave/installed/5.6.0/lib/node_modules/npm/bin/node-gyp-bin:/private/var/application/my_projects/boilerplates/stylus-boilerplate/node_modules/.bin:/usr/local/sbin:/Users/niall/.composer/vendor/bin:/Users/niall/.nave/installed/5.6.0/bin:/usr/local/sbin:/Users/niall/.composer/vendor/bin:/usr/local/sbin:/Users/niall/.composer/vendor/bin:/Users/niall/.nave/installed/5.3.0/bin:/usr/local/sbin:/Users/niall/.composer/vendor/bin:/usr/local/sbin:/Users/niall/.composer/vendor/bin:/usr/local/bin:/usr/bin:/bin:/usr/sbin:/sbinexport:/Applications/Postgres.app/Contents/Versions/latest/binexport:/Applications/Postgres.app/Contents/Versions/latest/binexport:/Applications/Postgres.app/Contents/Versions/latest/binexport:/Applications/Postgres.app/Contents/Versions/latest/binexport:/Applications/Postgres.app/Contents/Versions/latest/bin
10 verbose lifecycle hackathon-starter@3.4.1~dev: CWD: /private/var/application/my_projects/boilerplates/stylus-boilerplate
11 silly lifecycle hackathon-starter@3.4.1~dev: Args: [ '-c', 'webpack --progress --colors --watch' ]
12 silly lifecycle hackathon-starter@3.4.1~dev: Returned: code: 255  signal: null
13 info lifecycle hackathon-starter@3.4.1~dev: Failed to exec dev script
14 verbose stack Error: hackathon-starter@3.4.1 dev: `webpack --progress --colors --watch`
14 verbose stack Exit status 255
14 verbose stack     at EventEmitter.<anonymous> (/Users/niall/.nave/installed/5.6.0/lib/node_modules/npm/lib/utils/lifecycle.js:232:16)
14 verbose stack     at emitTwo (events.js:100:13)
14 verbose stack     at EventEmitter.emit (events.js:185:7)
14 verbose stack     at ChildProcess.<anonymous> (/Users/niall/.nave/installed/5.6.0/lib/node_modules/npm/lib/utils/spawn.js:24:14)
14 verbose stack     at emitTwo (events.js:100:13)
14 verbose stack     at ChildProcess.emit (events.js:185:7)
14 verbose stack     at maybeClose (internal/child_process.js:827:16)
14 verbose stack     at Process.ChildProcess._handle.onexit (internal/child_process.js:211:5)
15 verbose pkgid hackathon-starter@3.4.1
16 verbose cwd /private/var/application/my_projects/boilerplates/stylus-boilerplate
17 error Darwin 15.3.0
18 error argv "/Users/niall/.nave/installed/5.6.0/bin/node" "/Users/niall/.nave/installed/5.6.0/bin/npm" "run" "dev"
19 error node v5.6.0
20 error npm  v3.6.0
21 error code ELIFECYCLE
22 error hackathon-starter@3.4.1 dev: `webpack --progress --colors --watch`
22 error Exit status 255
23 error Failed at the hackathon-starter@3.4.1 dev script 'webpack --progress --colors --watch'.
23 error Make sure you have the latest version of node.js and npm installed.
23 error If you do, this is most likely a problem with the hackathon-starter package,
23 error not with npm itself.
23 error Tell the author that this fails on your system:
23 error     webpack --progress --colors --watch
23 error You can get information on how to open an issue for this project with:
23 error     npm bugs hackathon-starter
23 error Or if that isn't available, you can get their info via:
23 error     npm owner ls hackathon-starter
23 error There is likely additional logging output above.
24 verbose exit [ 1, true ]
